<?xml version="1.0" encoding="UTF-8"?>
<!-- Generated by org.testng.reporters.JUnitReportReporter -->
<testsuite skipped="0" hostname="MiteshPC" name="UdemyTutorials.MyTestSuite2Test" tests="2" failures="0" timestamp="2018-12-01T22:47:47 IST" time="0.025" errors="0">
  <testcase name="mobileapp2" time="0.001" classname="UdemyTutorials.MyTestSuite2Test"/>
  <testcase name="mobileapp1" time="0.024" classname="UdemyTutorials.MyTestSuite2Test"/>
</testsuite> <!-- UdemyTutorials.MyTestSuite2Test -->
