<?xml version="1.0" encoding="UTF-8"?>
<!-- Generated by org.testng.reporters.JUnitReportReporter -->
<testsuite skipped="0" hostname="MiteshPC" name="UdemyTutorials.AppTest" tests="1" failures="0" timestamp="2018-12-01T22:47:47 IST" time="0.002" errors="0">
  <testcase name="testApp" time="0.002" classname="UdemyTutorials.AppTest"/>
</testsuite> <!-- UdemyTutorials.AppTest -->
