<?xml version="1.0" encoding="UTF-8"?>
<!-- Generated by org.testng.reporters.JUnitReportReporter -->
<testsuite skipped="0" hostname="MiteshPC" name="UdemyTutorials.MyTestSuite2" tests="2" failures="0" timestamp="01 Dec 2018 16:22:45 GMT" time="0.061" errors="0">
  <testcase name="mobileapp2" time="0.017" classname="UdemyTutorials.MyTestSuite2"/>
  <testcase name="mobileapp1" time="0.044" classname="UdemyTutorials.MyTestSuite2"/>
</testsuite> <!-- UdemyTutorials.MyTestSuite2 -->
