<?xml version="1.0" encoding="UTF-8"?>
<!-- Generated by org.testng.reporters.JUnitReportReporter -->
<testsuite skipped="0" hostname="MiteshPC" name="UdemyTutorials.MyTestSuite1" tests="2" failures="0" timestamp="01 Dec 2018 16:22:45 GMT" time="0.014" errors="0">
  <testcase name="webservice1" time="0.007" classname="UdemyTutorials.MyTestSuite1"/>
  <testcase name="webservice2" time="0.007" classname="UdemyTutorials.MyTestSuite1"/>
</testsuite> <!-- UdemyTutorials.MyTestSuite1 -->
